<?xml version="1.0" encoding="UTF-8"?>
<!-- Generated by org.testng.reporters.JUnitReportReporter -->
<testsuite hostname="Thirumalaivasans-MacBook-Air.local" failures="0" tests="1" name="testCases.LinkBrokenOrNotTest" time="1.006" errors="0" timestamp="2024-01-10T12:31:38 IST" skipped="0">
  <testcase classname="testCases.LinkBrokenOrNotTest" name="LinkBrokenorNot" time="1.006"/>
</testsuite> <!-- testCases.LinkBrokenOrNotTest -->
